<?xml version="1.0" encoding="UTF-8"?>
<!-- Generated by org.testng.reporters.JUnitXMLReporter -->
<testsuite hostname="DESKTOP-BJ9OE5C" ignored="0" name="ListenerTest" tests="6" failures="2" timestamp="2020-12-07T15:46:52 IST" time="0.256" errors="0">
  <testcase name="test1" time="0.023" classname="listeners.ListenerDemo"/>
  <testcase name="test2" time="0.008" classname="listeners.ListenerDemo">
    <failure type="java.lang.AssertionError" message="expected [true] but found [false]">
      <![CDATA[java.lang.AssertionError: expected [true] but found [false]
at listeners.ListenerDemo.test2(ListenerDemo.java:22)
at java.util.ArrayList.forEach(Unknown Source)
... Removed 31 stack frames]]>
    </failure>
  </testcase> <!-- test2 -->
  <testcase name="test3" time="0.014" classname="listeners.ListenerDemo">
    <skipped/>
  </testcase> <!-- test3 -->
  <testcase name="test1" time="0.003" classname="listeners.ListenerDemo2"/>
  <testcase name="test2" time="0.003" classname="listeners.ListenerDemo2">
    <failure type="java.lang.AssertionError" message="expected [true] but found [false]">
      <![CDATA[java.lang.AssertionError: expected [true] but found [false]
at listeners.ListenerDemo2.test2(ListenerDemo2.java:19)
at java.util.ArrayList.forEach(Unknown Source)
... Removed 31 stack frames]]>
    </failure>
  </testcase> <!-- test2 -->
  <testcase name="test3" time="0.004" classname="listeners.ListenerDemo2">
    <skipped/>
  </testcase> <!-- test3 -->
</testsuite> <!-- ListenerTest -->
