<?xml version="1.0" encoding="UTF-8"?>
<!-- Generated by org.testng.reporters.JUnitXMLReporter -->
<testsuite hostname="DESKTOP-BJ9OE5C" ignored="0" name="Default test" tests="8" failures="0" timestamp="2021-01-04T18:04:03 IST" time="2.46" errors="0">
  <testcase name="checkContentEncoding" time="0.02" classname="com.api.testcases.TC001_GetEmployeeData"/>
  <testcase name="checkContentLength" time="0.0" classname="com.api.testcases.TC001_GetEmployeeData"/>
  <testcase name="checkContentType" time="0.0" classname="com.api.testcases.TC001_GetEmployeeData"/>
  <testcase name="checkResponseBody" time="0.038" classname="com.api.testcases.TC001_GetEmployeeData"/>
  <testcase name="checkServerType" time="0.0" classname="com.api.testcases.TC001_GetEmployeeData"/>
  <testcase name="checkStatusLine" time="0.0" classname="com.api.testcases.TC001_GetEmployeeData"/>
  <testcase name="checkresponseStatus" time="0.016" classname="com.api.testcases.TC001_GetEmployeeData"/>
  <testcase name="checkresponseTime" time="0.0" classname="com.api.testcases.TC001_GetEmployeeData"/>
</testsuite> <!-- Default test -->
