<?xml version="1.0" encoding="UTF-8"?>
<!-- Generated by org.testng.reporters.JUnitXMLReporter -->
<testsuite hostname="DESKTOP-BJ9OE5C" ignored="0" name="restassuredtestcases" tests="15" failures="0" timestamp="2021-01-04T17:39:46 IST" time="4.396" errors="0">
  <testcase name="checkContentEncoding" time="0.015" classname="com.api.testcases.TC001_GetEmployeeData"/>
  <testcase name="checkContentLength" time="0.015" classname="com.api.testcases.TC001_GetEmployeeData"/>
  <testcase name="checkContentType" time="0.016" classname="com.api.testcases.TC001_GetEmployeeData"/>
  <testcase name="checkResponseBody" time="0.094" classname="com.api.testcases.TC001_GetEmployeeData"/>
  <testcase name="checkServerType" time="0.015" classname="com.api.testcases.TC001_GetEmployeeData"/>
  <testcase name="checkStatusLine" time="0.001" classname="com.api.testcases.TC001_GetEmployeeData"/>
  <testcase name="checkresponseStatus" time="0.016" classname="com.api.testcases.TC001_GetEmployeeData"/>
  <testcase name="checkresponseTime" time="0.016" classname="com.api.testcases.TC001_GetEmployeeData"/>
  <testcase name="checkContentEncoding" time="0.002" classname="com.api.testcases.TC002_GetSingleEmployeeData"/>
  <testcase name="checkContentLength" time="0.006" classname="com.api.testcases.TC002_GetSingleEmployeeData"/>
  <testcase name="checkContentType" time="0.0" classname="com.api.testcases.TC002_GetSingleEmployeeData"/>
  <testcase name="checkResponseBody" time="0.014" classname="com.api.testcases.TC002_GetSingleEmployeeData"/>
  <testcase name="checkServerType" time="0.0" classname="com.api.testcases.TC002_GetSingleEmployeeData"/>
  <testcase name="checkStatus" time="0.001" classname="com.api.testcases.TC002_GetSingleEmployeeData"/>
  <testcase name="checkStatusLine" time="0.0" classname="com.api.testcases.TC002_GetSingleEmployeeData"/>
</testsuite> <!-- restassuredtestcases -->
